c:\users\electricdrake\documents\visual studio 2013\projects\hashcomparison\hashcomparison\debug\vc120.pdb
c:\users\electricdrake\documents\visual studio 2013\projects\hashcomparison\hashcomparison\debug\vc120.idb
c:\users\electricdrake\documents\visual studio 2013\projects\hashcomparison\hashcomparison\debug\main.obj
c:\users\electricdrake\documents\visual studio 2013\projects\hashcomparison\hashcomparison\debug\hash.obj
c:\users\electricdrake\documents\visual studio 2013\projects\hashcomparison\debug\hashcomparison.ilk
c:\users\electricdrake\documents\visual studio 2013\projects\hashcomparison\debug\hashcomparison.exe
c:\users\electricdrake\documents\visual studio 2013\projects\hashcomparison\debug\hashcomparison.pdb
c:\users\electricdrake\documents\github\youngberg_joel_cis17c_48596\hmwk\hashcomparison\hashcomparison\debug\hash.obj
c:\users\electricdrake\documents\github\youngberg_joel_cis17c_48596\hmwk\hashcomparison\hashcomparison\debug\main.obj
c:\users\electricdrake\documents\github\youngberg_joel_cis17c_48596\hmwk\hashcomparison\hashcomparison\debug\vc120.idb
c:\users\electricdrake\documents\github\youngberg_joel_cis17c_48596\hmwk\hashcomparison\hashcomparison\debug\vc120.pdb
c:\users\electricdrake\documents\github\youngberg_joel_cis17c_48596\hmwk\hashcomparison\debug\hashcomparison.pdb
c:\users\electricdrake\documents\github\youngberg_joel_cis17c_48596\hmwk\hashcomparison\debug\hashcomparison.exe
c:\users\electricdrake\documents\github\youngberg_joel_cis17c_48596\hmwk\hashcomparison\debug\hashcomparison.ilk
c:\users\electricdrake\documents\github\youngberg_joel_cis17c_48596\hmwk\hashcomparison\hashcomparison\debug\hashcomparison.tlog\cl.command.1.tlog
c:\users\electricdrake\documents\github\youngberg_joel_cis17c_48596\hmwk\hashcomparison\hashcomparison\debug\hashcomparison.tlog\cl.read.1.tlog
c:\users\electricdrake\documents\github\youngberg_joel_cis17c_48596\hmwk\hashcomparison\hashcomparison\debug\hashcomparison.tlog\cl.write.1.tlog
c:\users\electricdrake\documents\github\youngberg_joel_cis17c_48596\hmwk\hashcomparison\hashcomparison\debug\hashcomparison.tlog\link.command.1.tlog
c:\users\electricdrake\documents\github\youngberg_joel_cis17c_48596\hmwk\hashcomparison\hashcomparison\debug\hashcomparison.tlog\link.read.1.tlog
c:\users\electricdrake\documents\github\youngberg_joel_cis17c_48596\hmwk\hashcomparison\hashcomparison\debug\hashcomparison.tlog\link.write.1.tlog
