Build started 10/29/2014 8:17:38 PM.
     1>Project "C:\Users\ElectricDrake\Documents\GitHub\Youngberg_Joel_CIS17C_48596\Hmwk\HashComparison\HashComparison\HashComparison.vcxproj" on node 2 (Rebuild target(s)).
     1>ClCompile:
         C:\Program Files (x86)\Microsoft Visual Studio 12.0\VC\bin\CL.exe /c /ZI /nologo /W3 /WX- /Od /Oy- /D WIN32 /D _DEBUG /D _CONSOLE /D _LIB /D _UNICODE /D UNICODE /Gm /EHsc /RTC1 /MDd /GS /fp:precise /Zc:wchar_t /Zc:forScope /Fo"Debug\\" /Fd"Debug\vc120.pdb" /Gd /TP /analyze- /errorReport:prompt Hash.cpp main.cpp
         main.cpp
     1>c:\users\electricdrake\documents\github\youngberg_joel_cis17c_48596\hmwk\hashcomparison\hashcomparison\main.cpp(51): warning C4244: '=' : conversion from 'clock_t' to 'float', possible loss of data
     1>c:\users\electricdrake\documents\github\youngberg_joel_cis17c_48596\hmwk\hashcomparison\hashcomparison\main.cpp(52): warning C4244: '=' : conversion from 'clock_t' to 'float', possible loss of data
     1>c:\users\electricdrake\documents\github\youngberg_joel_cis17c_48596\hmwk\hashcomparison\hashcomparison\main.cpp(54): warning C4244: '=' : conversion from 'clock_t' to 'float', possible loss of data
     1>c:\users\electricdrake\documents\github\youngberg_joel_cis17c_48596\hmwk\hashcomparison\hashcomparison\main.cpp(60): warning C4244: '=' : conversion from 'clock_t' to 'float', possible loss of data
     1>c:\users\electricdrake\documents\github\youngberg_joel_cis17c_48596\hmwk\hashcomparison\hashcomparison\main.cpp(61): warning C4244: '=' : conversion from 'clock_t' to 'float', possible loss of data
     1>c:\users\electricdrake\documents\github\youngberg_joel_cis17c_48596\hmwk\hashcomparison\hashcomparison\main.cpp(63): warning C4244: '=' : conversion from 'clock_t' to 'float', possible loss of data
     1>c:\users\electricdrake\documents\github\youngberg_joel_cis17c_48596\hmwk\hashcomparison\hashcomparison\main.cpp(70): warning C4244: '=' : conversion from 'clock_t' to 'float', possible loss of data
     1>c:\users\electricdrake\documents\github\youngberg_joel_cis17c_48596\hmwk\hashcomparison\hashcomparison\main.cpp(71): warning C4244: '=' : conversion from 'clock_t' to 'float', possible loss of data
     1>c:\users\electricdrake\documents\github\youngberg_joel_cis17c_48596\hmwk\hashcomparison\hashcomparison\main.cpp(73): warning C4244: '=' : conversion from 'clock_t' to 'float', possible loss of data
     1>c:\users\electricdrake\documents\github\youngberg_joel_cis17c_48596\hmwk\hashcomparison\hashcomparison\main.cpp(79): warning C4244: '=' : conversion from 'clock_t' to 'float', possible loss of data
     1>c:\users\electricdrake\documents\github\youngberg_joel_cis17c_48596\hmwk\hashcomparison\hashcomparison\main.cpp(80): warning C4244: '=' : conversion from 'clock_t' to 'float', possible loss of data
     1>c:\users\electricdrake\documents\github\youngberg_joel_cis17c_48596\hmwk\hashcomparison\hashcomparison\main.cpp(82): warning C4244: '=' : conversion from 'clock_t' to 'float', possible loss of data
         Hash.cpp
     1>c:\users\electricdrake\documents\github\youngberg_joel_cis17c_48596\hmwk\hashcomparison\hashcomparison\hash.cpp(110): warning C4018: '<' : signed/unsigned mismatch
         Generating Code...
       Link:
         C:\Program Files (x86)\Microsoft Visual Studio 12.0\VC\bin\link.exe /ERRORREPORT:PROMPT /OUT:"C:\Users\ElectricDrake\Documents\GitHub\Youngberg_Joel_CIS17C_48596\Hmwk\HashComparison\Debug\HashComparison.exe" /INCREMENTAL /NOLOGO kernel32.lib user32.lib gdi32.lib winspool.lib comdlg32.lib advapi32.lib shell32.lib ole32.lib oleaut32.lib uuid.lib odbc32.lib odbccp32.lib /MANIFEST /MANIFESTUAC:"level='asInvoker' uiAccess='false'" /manifest:embed /DEBUG /PDB:"C:\Users\ElectricDrake\Documents\GitHub\Youngberg_Joel_CIS17C_48596\Hmwk\HashComparison\Debug\HashComparison.pdb" /SUBSYSTEM:CONSOLE /TLBID:1 /DYNAMICBASE /NXCOMPAT /IMPLIB:"C:\Users\ElectricDrake\Documents\GitHub\Youngberg_Joel_CIS17C_48596\Hmwk\HashComparison\Debug\HashComparison.lib" /MACHINE:X86 Debug\Hash.obj
         Debug\main.obj
         HashComparison.vcxproj -> C:\Users\ElectricDrake\Documents\GitHub\Youngberg_Joel_CIS17C_48596\Hmwk\HashComparison\Debug\HashComparison.exe
     1>Done Building Project "C:\Users\ElectricDrake\Documents\GitHub\Youngberg_Joel_CIS17C_48596\Hmwk\HashComparison\HashComparison\HashComparison.vcxproj" (Rebuild target(s)).

Build succeeded.

Time Elapsed 00:00:02.97
